<?xml version="1.0" encoding="UTF-8"?>
<testsuite name="ParkingLotTest" tests="1" skipped="0" failures="0" errors="0" timestamp="2020-06-20T17:06:22" hostname="admin1-Vostro-3580" time="0.005">
  <properties/>
  <testcase name="givenAVehicle_WhenParked_ShouldReturnTrue" classname="ParkingLotTest" time="0.005"/>
  <system-out><![CDATA[]]></system-out>
  <system-err><![CDATA[]]></system-err>
</testsuite>
