<?xml version="1.0" encoding="UTF-8"?>
<testsuite name="ParkingLotTest" tests="1" skipped="0" failures="0" errors="0" timestamp="2020-06-20T17:17:19" hostname="admin1-Vostro-3580" time="0.002">
  <properties/>
  <testcase name="givenAVehicle_WhenUnParked_ShouldReturnTrue" classname="ParkingLotTest" time="0.002"/>
  <system-out><![CDATA[]]></system-out>
  <system-err><![CDATA[]]></system-err>
</testsuite>
